<?xml version="1.0" encoding="utf-8"?><testsuites name="pytest tests"><testsuite name="pytest" errors="0" failures="0" skipped="0" tests="1" time="0.465" timestamp="2025-08-20T21:22:16.454684-04:00" hostname="Mothership"><testcase classname="src.tests.test_hallandale_pipeline_success" name="test_pipeline_success" time="0.014" /></testsuite></testsuites>