<?xml version="1.0" encoding="utf-8"?><testsuites name="pytest tests"><testsuite name="pytest" errors="2" failures="0" skipped="1" tests="3" time="1.947" timestamp="2025-08-20T17:34:38.761776-04:00" hostname="Mothership"><testcase classname="" name="test_hallandale_pipeline" time="0.000"><error message="collection failure">import file mismatch:
imported module 'test_hallandale_pipeline' has this __file__ attribute:
  C:\Code\bar-directory-recon\src\tests\test_hallandale_pipeline.py
which is not the same as the test file we want to collect:
  C:\Code\bar-directory-recon\test_hallandale_pipeline.py
HINT: remove __pycache__ / .pyc files and/or use a unique basename for your test file modules</error></testcase><testcase classname="" name="test_live_scraping" time="0.000"><skipped message="collection skipped">('C:\\Code\\bar-directory-recon\\test_live_scraping.py', 8, 'Skipped: Skip live scraping tests in automated runs to avoid network I/O and collisions')</skipped></testcase><testcase classname="" name="tests.test_security_manager" time="0.000"><error message="collection failure">import file mismatch:
imported module 'test_security_manager' has this __file__ attribute:
  C:\Code\bar-directory-recon\src\tests\test_security_manager.py
which is not the same as the test file we want to collect:
  C:\Code\bar-directory-recon\tests\test_security_manager.py
HINT: remove __pycache__ / .pyc files and/or use a unique basename for your test file modules</error></testcase></testsuite></testsuites>