<?xml version="1.0" encoding="utf-8"?><testsuites name="pytest tests"><testsuite name="pytest" errors="0" failures="0" skipped="18" tests="138" time="2.119" timestamp="2025-08-25T15:51:37.909236-04:00" hostname="Mothership"><testcase classname="src.tests.test_core_modules.TestConfigLoader" name="test_config_loader_init" time="0.001" /><testcase classname="src.tests.test_core_modules.TestConfigLoader" name="test_load_config_from_json_file" time="0.002" /><testcase classname="src.tests.test_core_modules.TestConfigLoader" name="test_config_file_not_found" time="0.001" /><testcase classname="src.tests.test_core_modules.TestDataExtractor" name="test_data_extractor_init" time="0.001" /><testcase classname="src.tests.test_core_modules.TestDataExtractor" name="test_contact_patterns" time="0.001" /><testcase classname="src.tests.test_core_modules.TestDataExtractor" name="test_website_pattern" time="0.001" /><testcase classname="src.tests.test_core_modules.TestUnifiedSchema" name="test_unified_record_creation" time="0.001" /><testcase classname="src.tests.test_core_modules.TestUnifiedSchema" name="test_unified_record_defaults" time="0.001" /><testcase classname="src.tests.test_core_modules.TestUnifiedSchema" name="test_unified_record_with_lists" time="0.001" /><testcase classname="src.tests.test_core_modules.TestUnifiedSchema" name="test_unified_record_timestamps" time="0.001" /><testcase classname="src.tests.test_hallandale_pipeline" name="test_pipeline_nonexistent_pdf" time="0.006" /><testcase classname="src.tests.test_hallandale_pipeline_success" name="test_pipeline_success" time="0.013" /><testcase classname="src.tests.test_security_manager.TestSecurityManager" name="test_init_without_keyvault_url" time="0.002" /><testcase classname="src.tests.test_security_manager.TestSecurityManager" name="test_init_with_keyvault_url_no_azure" time="0.001" /><testcase classname="src.tests.test_security_manager.TestSecurityManager" name="test_init_with_service_principal" time="0.002" /><testcase classname="src.tests.test_security_manager.TestSecurityManager" name="test_init_with_default_credential" time="0.002" /><testcase classname="src.tests.test_security_manager.TestSecurityManager" name="test_get_secret_from_keyvault" time="0.001" /><testcase classname="src.tests.test_security_manager.TestSecurityManager" name="test_get_secret_fallback_env_var" time="0.001" /><testcase classname="src.tests.test_security_manager.TestSecurityManager" name="test_get_secret_auto_env_var" time="0.001" /><testcase classname="src.tests.test_security_manager.TestSecurityManager" name="test_get_secret_not_found" time="0.001" /><testcase classname="src.tests.test_security_manager.TestSecurityManager" name="test_get_email_config" time="0.001" /><testcase classname="src.tests.test_security_manager.TestSecurityManager" name="test_get_email_config_error" time="0.001" /><testcase classname="src.tests.test_security_manager.TestSecurityManager" name="test_get_api_config" time="0.001" /><testcase classname="src.tests.test_security_manager.TestSecurityManager" name="test_get_api_config_partial" time="0.001" /><testcase classname="src.tests.test_security_manager.TestSecurityManager" name="test_get_google_sheets_config" time="0.001" /><testcase classname="src.tests.test_security_manager.TestSecurityManager" name="test_get_database_config" time="0.001" /><testcase classname="src.tests.test_security_manager.TestSecurityManager" name="test_health_check_fallback_mode" time="0.001" /><testcase classname="src.tests.test_security_manager.TestSecurityManager" name="test_health_check_keyvault_accessible" time="0.001" /><testcase classname="src.tests.test_security_manager.TestSecurityManager" name="test_health_check_keyvault_error" time="0.001" /><testcase classname="src.tests.test_security_manager.TestGlobalFunctions" name="test_get_security_manager_singleton" time="0.001" /><testcase classname="src.tests.test_security_manager.TestGlobalFunctions" name="test_get_secret_convenience" time="0.001" /><testcase classname="tests.test_security_manager_local" name="test_placeholder" time="0.001" /><testcase classname="tests.test_security_upgrade_coverage" name="test_security_manager_coverage" time="0.004" /><testcase classname="tests.test_security_upgrade_coverage" name="test_universal_recon_imports" time="0.002" /><testcase classname="tests.test_security_upgrade_coverage" name="test_property_validation_coverage" time="0.001" /><testcase classname="tests.test_security_upgrade_coverage" name="test_basic_imports" time="0.258" /><testcase classname="universal_recon.tests.analytics.test_plugin_usage_diff.TestPluginUsageDiff" name="test_cli_plugin_diff" time="0.022" /><testcase classname="universal_recon.tests.analytics.test_plugin_usage_diff.TestPluginUsageDiff" name="test_load_plugins_with_invalid_json" time="0.002" /><testcase classname="universal_recon.tests.analytics.test_plugin_usage_diff.TestPluginUsageDiff" name="test_load_plugins_with_missing_file" time="0.001" /><testcase classname="universal_recon.tests.analytics.test_plugin_usage_diff.TestPluginUsageDiff" name="test_load_plugins_with_valid_json" time="0.002" /><testcase classname="universal_recon.tests.analytics.test_plugin_usage_diff" name="test_load_plugins" time="0.001" /><testcase classname="universal_recon.tests.analytics.test_plugin_usage_diff" name="test_load_plugins_missing_file" time="0.001" /><testcase classname="universal_recon.tests.analytics.test_risk_overlay_emitter.TestRiskOverlayEmitter" name="test_basic_risk" time="0.002" /><testcase classname="universal_recon.tests.analytics.test_risk_overlay_emitter.TestRiskOverlayEmitter" name="test_calculate_risk_level" time="0.002" /><testcase classname="universal_recon.tests.analytics.test_risk_overlay_emitter.TestRiskOverlayEmitter" name="test_emit_risk_overlay" time="0.003" /><testcase classname="universal_recon.tests.analytics.test_risk_overlay_emitter.TestRiskOverlayEmitter" name="test_export_json_file" time="0.004" /><testcase classname="universal_recon.tests.analytics.test_risk_overlay_emitter.TestRiskOverlayEmitter" name="test_load_validator_tiers" time="0.002" /><testcase classname="universal_recon.tests.auto_smoke.test_auto_01" name="test_import_01" time="0.001" /><testcase classname="universal_recon.tests.auto_smoke.test_auto_02" name="test_import_02" time="0.001" /><testcase classname="universal_recon.tests.auto_smoke.test_auto_03" name="test_import_03" time="0.001" /><testcase classname="universal_recon.tests.auto_smoke.test_auto_04" name="test_import_04" time="0.001" /><testcase classname="universal_recon.tests.auto_smoke.test_auto_05" name="test_import_05" time="0.001" /><testcase classname="universal_recon.tests.auto_smoke.test_auto_06" name="test_import_06" time="0.001" /><testcase classname="universal_recon.tests.auto_smoke.test_auto_07" name="test_import_07" time="0.002" /><testcase classname="universal_recon.tests.auto_smoke.test_auto_08" name="test_import_08" time="0.001" /><testcase classname="universal_recon.tests.auto_smoke.test_auto_09" name="test_import_09" time="0.008" /><testcase classname="universal_recon.tests.auto_smoke.test_auto_10" name="test_import_10" time="0.001" /><testcase classname="universal_recon.tests.heatmap_targeted.test_heatmap_config_loader" name="test_config_loader_import" time="0.001" /><testcase classname="universal_recon.tests.heatmap_targeted.test_heatmap_config_loader" name="test_config_loader_has_functions" time="0.001" /><testcase classname="universal_recon.tests.heatmap_targeted.test_heatmap_config_loader_logic" name="test_config_loader_import" time="0.001" /><testcase classname="universal_recon.tests.heatmap_targeted.test_heatmap_config_loader_logic" name="test_config_loader_env_precedence" time="0.001" /><testcase classname="universal_recon.tests.heatmap_targeted.test_heatmap_config_loader_logic" name="test_config_loader_bad_port" time="0.001" /><testcase classname="universal_recon.tests.heatmap_targeted.test_heatmap_data_extractor" name="test_data_extractor_import" time="0.001" /><testcase classname="universal_recon.tests.heatmap_targeted.test_heatmap_data_extractor" name="test_data_extractor_has_functions" time="0.001" /><testcase classname="universal_recon.tests.heatmap_targeted.test_heatmap_data_extractor_logic" name="test_data_extractor_import" time="0.001" /><testcase classname="universal_recon.tests.heatmap_targeted.test_heatmap_data_extractor_logic" name="test_extract_basic" time="0.001"><skipped type="pytest.skip" message="no extractor entrypoint found">C:\Code\bar-directory-recon\universal_recon\tests\heatmap_targeted\test_heatmap_data_extractor_logic.py:22: no extractor entrypoint found</skipped></testcase><testcase classname="universal_recon.tests.heatmap_targeted.test_heatmap_data_extractor_logic" name="test_extract_missing_selector" time="0.001"><skipped type="pytest.skip" message="no extractor entrypoint found">C:\Code\bar-directory-recon\universal_recon\tests\heatmap_targeted\test_heatmap_data_extractor_logic.py:68: no extractor entrypoint found</skipped></testcase><testcase classname="universal_recon.tests.heatmap_targeted.test_heatmap_hallandale_fixed" name="test_pipeline_idempotent_dedup" time="0.001"><skipped type="pytest.skip" message="no pipeline function found">C:\Code\bar-directory-recon\universal_recon\tests\heatmap_targeted\test_heatmap_hallandale_fixed.py:18: no pipeline function found</skipped></testcase><testcase classname="universal_recon.tests.heatmap_targeted.test_heatmap_hallandale_fixed" name="test_pipeline_empty_data" time="0.001"><skipped type="pytest.skip" message="no pipeline function found">C:\Code\bar-directory-recon\universal_recon\tests\heatmap_targeted\test_heatmap_hallandale_fixed.py:38: no pipeline function found</skipped></testcase><testcase classname="universal_recon.tests.heatmap_targeted.test_heatmap_hallandale_fixed_logic" name="test_hallandale_pipeline_import" time="0.001" /><testcase classname="universal_recon.tests.heatmap_targeted.test_heatmap_hallandale_fixed_logic" name="test_pipeline_dedup_and_idempotent" time="0.001"><skipped type="pytest.skip" message="no pipeline entrypoint found">C:\Code\bar-directory-recon\universal_recon\tests\heatmap_targeted\test_heatmap_hallandale_fixed_logic.py:21: no pipeline entrypoint found</skipped></testcase><testcase classname="universal_recon.tests.heatmap_targeted.test_heatmap_hallandale_fixed_logic" name="test_pipeline_handles_empty_data" time="0.001"><skipped type="pytest.skip" message="no pipeline entrypoint found">C:\Code\bar-directory-recon\universal_recon\tests\heatmap_targeted\test_heatmap_hallandale_fixed_logic.py:55: no pipeline entrypoint found</skipped></testcase><testcase classname="universal_recon.tests.heatmap_targeted.test_heatmap_logger" name="test_logger_import" time="0.001" /><testcase classname="universal_recon.tests.heatmap_targeted.test_heatmap_logger" name="test_logger_has_functions" time="0.001" /><testcase classname="universal_recon.tests.heatmap_targeted.test_heatmap_logger_logic" name="test_logger_import" time="0.001" /><testcase classname="universal_recon.tests.heatmap_targeted.test_heatmap_logger_logic" name="test_logger_singleton_no_dup_handlers" time="0.001"><skipped type="pytest.skip" message="no logger getter found">C:\Code\bar-directory-recon\universal_recon\tests\heatmap_targeted\test_heatmap_logger_logic.py:21: no logger getter found</skipped></testcase><testcase classname="universal_recon.tests.heatmap_targeted.test_heatmap_logger_logic" name="test_logger_handles_different_levels" time="0.001"><skipped type="pytest.skip" message="no logger getter found">C:\Code\bar-directory-recon\universal_recon\tests\heatmap_targeted\test_heatmap_logger_logic.py:51: no logger getter found</skipped></testcase><testcase classname="universal_recon.tests.heatmap_targeted.test_heatmap_orchestrator" name="test_orchestrator_skips_disabled_and_handles_error" time="0.001"><skipped type="pytest.skip" message="no orchestrator function found">C:\Code\bar-directory-recon\universal_recon\tests\heatmap_targeted\test_heatmap_orchestrator.py:17: no orchestrator function found</skipped></testcase><testcase classname="universal_recon.tests.heatmap_targeted.test_heatmap_orchestrator" name="test_orchestrator_basic_execution" time="0.001"><skipped type="pytest.skip" message="no orchestrator function found">C:\Code\bar-directory-recon\universal_recon\tests\heatmap_targeted\test_heatmap_orchestrator.py:46: no orchestrator function found</skipped></testcase><testcase classname="universal_recon.tests.heatmap_targeted.test_heatmap_orchestrator_logic" name="test_orchestrator_import" time="0.001" /><testcase classname="universal_recon.tests.heatmap_targeted.test_heatmap_orchestrator_logic" name="test_orchestrator_handles_skip_and_error" time="0.001"><skipped type="pytest.skip" message="no orchestrator entrypoint found">C:\Code\bar-directory-recon\universal_recon\tests\heatmap_targeted\test_heatmap_orchestrator_logic.py:21: no orchestrator entrypoint found</skipped></testcase><testcase classname="universal_recon.tests.heatmap_targeted.test_heatmap_orchestrator_logic" name="test_orchestrator_empty_steps" time="0.001"><skipped type="pytest.skip" message="no orchestrator entrypoint found">C:\Code\bar-directory-recon\universal_recon\tests\heatmap_targeted\test_heatmap_orchestrator_logic.py:60: no orchestrator entrypoint found</skipped></testcase><testcase classname="universal_recon.tests.heatmap_targeted.test_heatmap_pagination_manager" name="test_next_url_basic" time="0.001"><skipped type="pytest.skip" message="no pagination function found">C:\Code\bar-directory-recon\universal_recon\tests\heatmap_targeted\test_heatmap_pagination_manager.py:17: no pagination function found</skipped></testcase><testcase classname="universal_recon.tests.heatmap_targeted.test_heatmap_pagination_manager" name="test_pagination_edge_cases" time="0.001"><skipped type="pytest.skip" message="no pagination function found">C:\Code\bar-directory-recon\universal_recon\tests\heatmap_targeted\test_heatmap_pagination_manager.py:40: no pagination function found</skipped></testcase><testcase classname="universal_recon.tests.heatmap_targeted.test_heatmap_pagination_manager_logic" name="test_pagination_manager_import" time="0.001" /><testcase classname="universal_recon.tests.heatmap_targeted.test_heatmap_pagination_manager_logic" name="test_next_url_has_page_param" time="0.001"><skipped type="pytest.skip" message="no pagination entrypoint found">C:\Code\bar-directory-recon\universal_recon\tests\heatmap_targeted\test_heatmap_pagination_manager_logic.py:21: no pagination entrypoint found</skipped></testcase><testcase classname="universal_recon.tests.heatmap_targeted.test_heatmap_pagination_manager_logic" name="test_pagination_boundary_handling" time="0.001"><skipped type="pytest.skip" message="no pagination entrypoint found">C:\Code\bar-directory-recon\universal_recon\tests\heatmap_targeted\test_heatmap_pagination_manager_logic.py:51: no pagination entrypoint found</skipped></testcase><testcase classname="universal_recon.tests.infrastructure.test_chromedriver" name="test_chromedriver" time="0.001"><skipped type="pytest.skip" message="ChromeDriver test skipped - version mismatch detected">C:\Code\bar-directory-recon\universal_recon\tests\infrastructure\test_chromedriver.py:6: ChromeDriver test skipped - version mismatch detected</skipped></testcase><testcase classname="universal_recon.tests.infrastructure.test_network_connectivity" name="test_external_api_connectivity" time="0.000"><skipped type="pytest.skip" message="Network connectivity test - skipped in CI environment">C:\Code\bar-directory-recon\universal_recon\tests\infrastructure\test_network_connectivity.py:6: Network connectivity test - skipped in CI environment</skipped></testcase><testcase classname="universal_recon.tests.plugins.test_firm_parser.TestFirmParserPlugin" name="test_plugin_output_soft_mode" time="0.001" /><testcase classname="universal_recon.tests.plugins.test_firm_parser.TestFirmParserPlugin" name="test_plugin_output_strict_mode" time="0.001" /><testcase classname="universal_recon.tests.plugins.test_firm_parser" name="test_parse_firm_data" time="0.001" /><testcase classname="universal_recon.tests.plugins.test_firm_plugin" name="test_firm_plugin_loads" time="0.001" /><testcase classname="universal_recon.tests.plugins.test_firm_plugin" name="test_firm_plugin_contract_smoke" time="0.001" /><testcase classname="universal_recon.tests.plugins.test_loader" name="test_plugin_loader_lists_plugins" time="0.001" /><testcase classname="universal_recon.tests.plugins.test_ml_labeler.TestMLLabelerPlugin" name="test_plugin_output_soft_mode" time="0.003" /><testcase classname="universal_recon.tests.plugins.test_ml_labeler.TestMLLabelerPlugin" name="test_plugin_output_strict_mode" time="0.002" /><testcase classname="universal_recon.tests.plugins.test_social_link_parser.TestSocialLinkParser" name="test_social_links_soft_mode" time="0.002" /><testcase classname="universal_recon.tests.plugins.test_social_link_parser.TestSocialLinkParser" name="test_social_links_strict_mode" time="0.001" /><testcase classname="universal_recon.tests.plugins.test_social_plugin" name="test_social_plugin_loads" time="0.001" /><testcase classname="universal_recon.tests.plugins.test_social_plugin" name="test_social_plugin_contract_smoke" time="0.001" /><testcase classname="universal_recon.tests.targeted.test_core_logger" name="test_get_logger_returns_logger" time="0.001" /><testcase classname="universal_recon.tests.targeted.test_core_logger" name="test_get_logger_with_different_names" time="0.001" /><testcase classname="universal_recon.tests.targeted.test_plugin_loader" name="test_load_plugins_by_type_missing_registry" time="0.001" /><testcase classname="universal_recon.tests.targeted.test_plugin_loader" name="test_load_plugins_by_type_invalid_json" time="0.003" /><testcase classname="universal_recon.tests.targeted.test_plugin_loader" name="test_load_plugins_by_type_unknown_plugin_safe" time="0.003" /><testcase classname="universal_recon.tests.targeted.test_realtor_scraper" name="test_scraper_returns_empty_list_for_ci" time="0.002" /><testcase classname="universal_recon.tests.targeted.test_realtor_scraper" name="test_scraper_handles_optional_parameters" time="0.001" /><testcase classname="universal_recon.tests.targeted.test_realtor_scraper" name="test_scraper_with_keyword_args" time="0.001" /><testcase classname="universal_recon.tests.targeted.test_record_normalizer" name="test_normalize_adds_optional_defaults" time="0.001" /><testcase classname="universal_recon.tests.targeted.test_record_normalizer" name="test_normalize_preserves_existing_optional_fields" time="0.001" /><testcase classname="universal_recon.tests.targeted.test_record_normalizer" name="test_normalize_strict_mode_raises_on_missing_fields" time="0.001" /><testcase classname="universal_recon.tests.targeted.test_record_normalizer" name="test_normalize_non_strict_mode_handles_missing_fields" time="0.001" /><testcase classname="universal_recon.tests.targeted.test_score_predictor_targeted" name="test_predict_score_empty_records" time="0.001" /><testcase classname="universal_recon.tests.targeted.test_score_predictor_targeted" name="test_predict_score_preserves_record_structure" time="0.001" /><testcase classname="universal_recon.tests.targeted.test_score_predictor_targeted" name="test_predict_score_adds_predicted_scores" time="0.001" /><testcase classname="universal_recon.tests.targeted.test_social_link_parser_targeted" name="test_social_link_parser_empty_html" time="0.001" /><testcase classname="universal_recon.tests.targeted.test_social_link_parser_targeted" name="test_social_link_parser_detects_linkedin" time="0.001" /><testcase classname="universal_recon.tests.targeted.test_social_link_parser_targeted" name="test_social_link_parser_detects_twitter" time="0.001" /><testcase classname="universal_recon.tests.targeted.test_social_link_parser_targeted" name="test_social_link_parser_ignores_twitter_share" time="0.001" /><testcase classname="universal_recon.tests.targeted.test_template_clusterer" name="test_generate_template_empty_records" time="0.001" /><testcase classname="universal_recon.tests.targeted.test_template_clusterer" name="test_generate_template_single_record" time="0.001" /><testcase classname="universal_recon.tests.targeted.test_template_clusterer" name="test_generate_template_multiple_records" time="0.001" /><testcase classname="universal_recon.tests.test_basic" name="test_basic" time="0.001" /><testcase classname="universal_recon.tests.test_risk_overlay_emitter" name="test_emit_site_risk_json" time="0.003" /><testcase classname="universal_recon.tests.test_risk_overlay_emitter" name="test_calculate_risk_level" time="0.001" /><testcase classname="universal_recon.tests.test_risk_overlay_emitter" name="test_load_validator_tiers" time="0.002" /><testcase classname="universal_recon.tests.utils.test_audit_report_generator.TestAuditReportGenerator" name="test_generate_audit_report_structure" time="0.001" /><testcase classname="universal_recon.tests.utils.test_audit_report_generator.TestAuditReportGenerator" name="test_plugin_grouping" time="0.001" /><testcase classname="universal_recon.tests.utils.test_audit_report_generator.TestAuditReportGenerator" name="test_score_tier_counts" time="0.001" /><testcase classname="universal_recon.tests.utils.test_audit_report_generator" name="test_generate_audit_report" time="0.001" /><testcase classname="universal_recon.tests.utils.test_score_predictor.TestScorePredictor" name="test_confidence_mapping" time="0.001" /><testcase classname="universal_recon.tests.utils.test_score_predictor.TestScorePredictor" name="test_prediction_keys_added" time="0.001" /><testcase classname="universal_recon.tests.utils.test_score_predictor.TestScorePredictor" name="test_score_range" time="0.001" /><testcase classname="universal_recon.tests.utils.test_score_predictor" name="test_predict_score" time="0.001" /><testcase classname="universal_recon.tests.utils.test_score_visualizer.TestScoreVisualizer" name="test_generate_heatmap_data_structure" time="0.001" /><testcase classname="universal_recon.tests.utils.test_score_visualizer.TestScoreVisualizer" name="test_save_heatmap_data" time="0.002" /><testcase classname="universal_recon.tests.utils.test_score_visualizer" name="test_generate_visualization" time="0.001" /></testsuite></testsuites>